<?xml version="1.0" encoding="UTF-8"?>
<testng-results ignored="0" total="3" passed="3" failed="0" skipped="0">
  <reporter-output>
  </reporter-output>
  <suite started-at="2025-03-31T11:54:14 IST" name="Default suite" finished-at="2025-03-31T11:54:30 IST" duration-ms="16138">
    <groups>
      <group name="cucumber">
        <method signature="AbstractTestNGCucumberTests.runScenario(io.cucumber.testng.PickleWrapper,io.cucumber.testng.FeatureWrapper)[pri:0, instance:com.qa.tests.Testrunner@7c729a55]" name="runScenario" class="io.cucumber.testng.AbstractTestNGCucumberTests"/>
      </group> <!-- cucumber -->
    </groups>
    <test started-at="2025-03-31T11:54:14 IST" name="Default test" finished-at="2025-03-31T11:54:30 IST" duration-ms="16138">
      <class name="com.qa.tests.Testrunner">
        <test-method is-config="true" signature="setUpClass(org.testng.ITestContext)[pri:0, instance:com.qa.tests.Testrunner@7c729a55]" started-at="2025-03-31T11:54:14 IST" name="setUpClass" finished-at="2025-03-31T11:54:15 IST" duration-ms="783" status="PASS">
          <params>
            <param index="0">
              <value>
                <![CDATA[org.testng.TestRunner@ad3324b]]>
              </value>
            </param>
          </params>
          <reporter-output>
          </reporter-output>
        </test-method> <!-- setUpClass -->
        <test-method signature="runScenario(io.cucumber.testng.PickleWrapper,io.cucumber.testng.FeatureWrapper)[pri:0, instance:com.qa.tests.Testrunner@7c729a55]" started-at="2025-03-31T11:54:15 IST" name="runScenario" description="Runs Cucumber Scenarios" data-provider="scenarios" finished-at="2025-03-31T11:54:23 IST" duration-ms="8306" status="PASS">
          <params>
            <param index="0">
              <value>
                <![CDATA["check login is successful with valid credentials"]]>
              </value>
            </param>
            <param index="1">
              <value>
                <![CDATA["Title of your feature"]]>
              </value>
            </param>
          </params>
          <reporter-output>
          </reporter-output>
        </test-method> <!-- runScenario -->
        <test-method signature="runScenario(io.cucumber.testng.PickleWrapper,io.cucumber.testng.FeatureWrapper)[pri:0, instance:com.qa.tests.Testrunner@7c729a55]" started-at="2025-03-31T11:54:23 IST" name="runScenario" description="Runs Cucumber Scenarios" data-provider="scenarios" finished-at="2025-03-31T11:54:26 IST" duration-ms="3511" status="PASS">
          <params>
            <param index="0">
              <value>
                <![CDATA["check invalid login functionality"]]>
              </value>
            </param>
            <param index="1">
              <value>
                <![CDATA["Title of your feature"]]>
              </value>
            </param>
          </params>
          <reporter-output>
          </reporter-output>
        </test-method> <!-- runScenario -->
        <test-method signature="runScenario(io.cucumber.testng.PickleWrapper,io.cucumber.testng.FeatureWrapper)[pri:0, instance:com.qa.tests.Testrunner@7c729a55]" started-at="2025-03-31T11:54:26 IST" name="runScenario" description="Runs Cucumber Scenarios" data-provider="scenarios" finished-at="2025-03-31T11:54:30 IST" duration-ms="3454" status="PASS">
          <params>
            <param index="0">
              <value>
                <![CDATA["check invalid login functionality"]]>
              </value>
            </param>
            <param index="1">
              <value>
                <![CDATA["Title of your feature"]]>
              </value>
            </param>
          </params>
          <reporter-output>
          </reporter-output>
        </test-method> <!-- runScenario -->
        <test-method is-config="true" signature="tearDownClass()[pri:0, instance:com.qa.tests.Testrunner@7c729a55]" started-at="2025-03-31T11:54:30 IST" name="tearDownClass" finished-at="2025-03-31T11:54:30 IST" duration-ms="24" status="PASS">
          <reporter-output>
          </reporter-output>
        </test-method> <!-- tearDownClass -->
      </class> <!-- com.qa.tests.Testrunner -->
    </test> <!-- Default test -->
  </suite> <!-- Default suite -->
</testng-results>
